2018-12-20 02:54:26 | EMERGENCY | 21145 | 5c1b046086e1f | 1545274466.920 | /usr/share/nginx/html/frame/XW/core/HttpServer.php
2018-12-20 02:54:26 | EMERGENCY | 21145 | 5c1b046086e1f | 1545274466.921 | 40
2018-12-20 02:54:26 | EMERGENCY | 21145 | 5c1b046086e1f | 1545274466.921 | 0
2018-12-20 02:54:26 | EMERGENCY | 21145 | 5c1b046086e1f | 1545274466.921 | Call to undefined method core\xw\Pool\Context::se()
2018-12-20 02:54:26 | EMERGENCY | 21145 | 5c1b046086e1f | 1545274466.921 | #0 {main}
2018-12-20 02:55:02 | EMERGENCY | 21205 | 5c1b04857a3d9 | 1545274502.987 | /usr/share/nginx/html/frame/XW/core/HttpServer.php
2018-12-20 02:55:02 | EMERGENCY | 21205 | 5c1b04857a3d9 | 1545274502.987 | 39
2018-12-20 02:55:02 | EMERGENCY | 21205 | 5c1b04857a3d9 | 1545274502.987 | 0
2018-12-20 02:55:02 | EMERGENCY | 21205 | 5c1b04857a3d9 | 1545274502.987 | Call to undefined method core\xw\Pool\Context::se()
2018-12-20 02:55:02 | EMERGENCY | 21205 | 5c1b04857a3d9 | 1545274502.987 | #0 {main}
2018-12-20 02:55:29 | EMERGENCY | 21205 | 5c1b04857a3d9 | 1545274529.9 | /usr/share/nginx/html/frame/XW/core/HttpServer.php
2018-12-20 02:55:29 | EMERGENCY | 21205 | 5c1b04857a3d9 | 1545274529.9 | 39
2018-12-20 02:55:29 | EMERGENCY | 21205 | 5c1b04857a3d9 | 1545274529.9 | 0
2018-12-20 02:55:29 | EMERGENCY | 21205 | 5c1b04857a3d9 | 1545274529.9 | Call to undefined method core\xw\Pool\Context::se()
2018-12-20 02:55:29 | EMERGENCY | 21205 | 5c1b04857a3d9 | 1545274529.9 | #0 {main}
2018-12-20 02:57:09 | EMERGENCY | 21382 | 5c1b04fc5f185 | 1545274629.966 | /usr/share/nginx/html/frame/XW/core/HttpServer.php
2018-12-20 02:57:09 | EMERGENCY | 21382 | 5c1b04fc5f185 | 1545274629.966 | 40
2018-12-20 02:57:09 | EMERGENCY | 21382 | 5c1b04fc5f185 | 1545274629.966 | 0
2018-12-20 02:57:09 | EMERGENCY | 21382 | 5c1b04fc5f185 | 1545274629.966 | Call to undefined method core\xw\Pool\Context::se()
2018-12-20 02:57:09 | EMERGENCY | 21382 | 5c1b04fc5f185 | 1545274629.966 | #0 {main}
2018-12-20 02:57:10 | EMERGENCY | 21382 | 5c1b04fc5f185 | 1545274630.142 | /usr/share/nginx/html/frame/XW/core/HttpServer.php
2018-12-20 02:57:10 | EMERGENCY | 21382 | 5c1b04fc5f185 | 1545274630.142 | 40
2018-12-20 02:57:10 | EMERGENCY | 21382 | 5c1b04fc5f185 | 1545274630.142 | 0
2018-12-20 02:57:10 | EMERGENCY | 21382 | 5c1b04fc5f185 | 1545274630.142 | Call to undefined method core\xw\Pool\Context::se()
2018-12-20 02:57:10 | EMERGENCY | 21382 | 5c1b04fc5f185 | 1545274630.142 | #0 {main}
2018-12-20 02:57:25 | EMERGENCY | 21426 | 5c1b05143443e | 1545274645.142 | /usr/share/nginx/html/frame/XW/core/HttpServer.php
2018-12-20 02:57:25 | EMERGENCY | 21426 | 5c1b05143443e | 1545274645.142 | 40
2018-12-20 02:57:25 | EMERGENCY | 21426 | 5c1b05143443e | 1545274645.142 | 0
2018-12-20 02:57:25 | EMERGENCY | 21426 | 5c1b05143443e | 1545274645.142 | Call to undefined method core\xw\Pool\Context::se()
2018-12-20 02:57:25 | EMERGENCY | 21426 | 5c1b05143443e | 1545274645.142 | #0 {main}
2018-12-20 02:57:25 | EMERGENCY | 21426 | 5c1b05143443e | 1545274645.240 | /usr/share/nginx/html/frame/XW/core/HttpServer.php
2018-12-20 02:57:25 | EMERGENCY | 21426 | 5c1b05143443e | 1545274645.240 | 40
2018-12-20 02:57:25 | EMERGENCY | 21426 | 5c1b05143443e | 1545274645.240 | 0
2018-12-20 02:57:25 | EMERGENCY | 21426 | 5c1b05143443e | 1545274645.240 | Call to undefined method core\xw\Pool\Context::se()
2018-12-20 02:57:25 | EMERGENCY | 21426 | 5c1b05143443e | 1545274645.240 | #0 {main}
2018-12-20 02:57:26 | EMERGENCY | 21426 | 5c1b05143443e | 1545274646.119 | /usr/share/nginx/html/frame/XW/core/HttpServer.php
2018-12-20 02:57:26 | EMERGENCY | 21426 | 5c1b05143443e | 1545274646.119 | 40
2018-12-20 02:57:26 | EMERGENCY | 21426 | 5c1b05143443e | 1545274646.119 | 0
2018-12-20 02:57:26 | EMERGENCY | 21426 | 5c1b05143443e | 1545274646.119 | Call to undefined method core\xw\Pool\Context::se()
2018-12-20 02:57:26 | EMERGENCY | 21426 | 5c1b05143443e | 1545274646.119 | #0 {main}
2018-12-20 02:57:26 | EMERGENCY | 21426 | 5c1b05143443e | 1545274646.172 | /usr/share/nginx/html/frame/XW/core/HttpServer.php
2018-12-20 02:57:26 | EMERGENCY | 21426 | 5c1b05143443e | 1545274646.172 | 40
2018-12-20 02:57:26 | EMERGENCY | 21426 | 5c1b05143443e | 1545274646.172 | 0
2018-12-20 02:57:26 | EMERGENCY | 21426 | 5c1b05143443e | 1545274646.172 | Call to undefined method core\xw\Pool\Context::se()
2018-12-20 02:57:26 | EMERGENCY | 21426 | 5c1b05143443e | 1545274646.172 | #0 {main}
2018-12-20 02:57:26 | EMERGENCY | 21426 | 5c1b05143443e | 1545274646.320 | /usr/share/nginx/html/frame/XW/core/HttpServer.php
2018-12-20 02:57:26 | EMERGENCY | 21426 | 5c1b05143443e | 1545274646.320 | 40
2018-12-20 02:57:26 | EMERGENCY | 21426 | 5c1b05143443e | 1545274646.320 | 0
2018-12-20 02:57:26 | EMERGENCY | 21426 | 5c1b05143443e | 1545274646.320 | Call to undefined method core\xw\Pool\Context::se()
2018-12-20 02:57:26 | EMERGENCY | 21426 | 5c1b05143443e | 1545274646.320 | #0 {main}
2018-12-20 02:57:26 | EMERGENCY | 21426 | 5c1b05143443e | 1545274646.407 | /usr/share/nginx/html/frame/XW/core/HttpServer.php
2018-12-20 02:57:26 | EMERGENCY | 21426 | 5c1b05143443e | 1545274646.407 | 40
2018-12-20 02:57:26 | EMERGENCY | 21426 | 5c1b05143443e | 1545274646.407 | 0
2018-12-20 02:57:26 | EMERGENCY | 21426 | 5c1b05143443e | 1545274646.407 | Call to undefined method core\xw\Pool\Context::se()
2018-12-20 02:57:26 | EMERGENCY | 21426 | 5c1b05143443e | 1545274646.407 | #0 {main}
2018-12-20 02:57:26 | EMERGENCY | 21426 | 5c1b05143443e | 1545274646.490 | /usr/share/nginx/html/frame/XW/core/HttpServer.php
2018-12-20 02:57:26 | EMERGENCY | 21426 | 5c1b05143443e | 1545274646.490 | 40
2018-12-20 02:57:26 | EMERGENCY | 21426 | 5c1b05143443e | 1545274646.490 | 0
2018-12-20 02:57:26 | EMERGENCY | 21426 | 5c1b05143443e | 1545274646.490 | Call to undefined method core\xw\Pool\Context::se()
2018-12-20 02:57:26 | EMERGENCY | 21426 | 5c1b05143443e | 1545274646.490 | #0 {main}
2018-12-20 02:57:26 | EMERGENCY | 21426 | 5c1b05143443e | 1545274646.576 | /usr/share/nginx/html/frame/XW/core/HttpServer.php
2018-12-20 02:57:26 | EMERGENCY | 21426 | 5c1b05143443e | 1545274646.576 | 40
2018-12-20 02:57:26 | EMERGENCY | 21426 | 5c1b05143443e | 1545274646.576 | 0
2018-12-20 02:57:26 | EMERGENCY | 21426 | 5c1b05143443e | 1545274646.576 | Call to undefined method core\xw\Pool\Context::se()
2018-12-20 02:57:26 | EMERGENCY | 21426 | 5c1b05143443e | 1545274646.576 | #0 {main}
2018-12-20 02:57:26 | EMERGENCY | 21426 | 5c1b05143443e | 1545274646.669 | /usr/share/nginx/html/frame/XW/core/HttpServer.php
2018-12-20 02:57:26 | EMERGENCY | 21426 | 5c1b05143443e | 1545274646.669 | 40
2018-12-20 02:57:26 | EMERGENCY | 21426 | 5c1b05143443e | 1545274646.669 | 0
2018-12-20 02:57:26 | EMERGENCY | 21426 | 5c1b05143443e | 1545274646.669 | Call to undefined method core\xw\Pool\Context::se()
2018-12-20 02:57:26 | EMERGENCY | 21426 | 5c1b05143443e | 1545274646.669 | #0 {main}
2018-12-20 02:57:26 | EMERGENCY | 21426 | 5c1b05143443e | 1545274646.756 | /usr/share/nginx/html/frame/XW/core/HttpServer.php
2018-12-20 02:57:26 | EMERGENCY | 21426 | 5c1b05143443e | 1545274646.756 | 40
2018-12-20 02:57:26 | EMERGENCY | 21426 | 5c1b05143443e | 1545274646.756 | 0
2018-12-20 02:57:26 | EMERGENCY | 21426 | 5c1b05143443e | 1545274646.756 | Call to undefined method core\xw\Pool\Context::se()
2018-12-20 02:57:26 | EMERGENCY | 21426 | 5c1b05143443e | 1545274646.756 | #0 {main}
2018-12-20 02:57:26 | EMERGENCY | 21426 | 5c1b05143443e | 1545274646.845 | /usr/share/nginx/html/frame/XW/core/HttpServer.php
2018-12-20 02:57:26 | EMERGENCY | 21426 | 5c1b05143443e | 1545274646.845 | 40
2018-12-20 02:57:26 | EMERGENCY | 21426 | 5c1b05143443e | 1545274646.845 | 0
2018-12-20 02:57:26 | EMERGENCY | 21426 | 5c1b05143443e | 1545274646.845 | Call to undefined method core\xw\Pool\Context::se()
2018-12-20 02:57:26 | EMERGENCY | 21426 | 5c1b05143443e | 1545274646.845 | #0 {main}
2018-12-20 02:57:26 | EMERGENCY | 21426 | 5c1b05143443e | 1545274646.929 | /usr/share/nginx/html/frame/XW/core/HttpServer.php
2018-12-20 02:57:26 | EMERGENCY | 21426 | 5c1b05143443e | 1545274646.929 | 40
2018-12-20 02:57:26 | EMERGENCY | 21426 | 5c1b05143443e | 1545274646.929 | 0
2018-12-20 02:57:26 | EMERGENCY | 21426 | 5c1b05143443e | 1545274646.929 | Call to undefined method core\xw\Pool\Context::se()
2018-12-20 02:57:26 | EMERGENCY | 21426 | 5c1b05143443e | 1545274646.929 | #0 {main}
2018-12-20 02:57:43 | EMERGENCY | 21444 | 5c1b0525ee175 | 1545274663.23 | /usr/share/nginx/html/frame/XW/core/HttpServer.php
2018-12-20 02:57:43 | EMERGENCY | 21444 | 5c1b0525ee175 | 1545274663.23 | 40
2018-12-20 02:57:43 | EMERGENCY | 21444 | 5c1b0525ee175 | 1545274663.23 | 0
2018-12-20 02:57:43 | EMERGENCY | 21444 | 5c1b0525ee175 | 1545274663.23 | Call to undefined method core\xw\Pool\Context::se()
2018-12-20 02:57:43 | EMERGENCY | 21444 | 5c1b0525ee175 | 1545274663.23 | #0 {main}
2018-12-20 02:57:43 | EMERGENCY | 21444 | 5c1b0525ee175 | 1545274663.169 | /usr/share/nginx/html/frame/XW/core/HttpServer.php
2018-12-20 02:57:43 | EMERGENCY | 21444 | 5c1b0525ee175 | 1545274663.169 | 40
2018-12-20 02:57:43 | EMERGENCY | 21444 | 5c1b0525ee175 | 1545274663.169 | 0
2018-12-20 02:57:43 | EMERGENCY | 21444 | 5c1b0525ee175 | 1545274663.169 | Call to undefined method core\xw\Pool\Context::se()
2018-12-20 02:57:43 | EMERGENCY | 21444 | 5c1b0525ee175 | 1545274663.169 | #0 {main}
2018-12-20 02:57:44 | EMERGENCY | 21444 | 5c1b0525ee175 | 1545274664.316 | /usr/share/nginx/html/frame/XW/core/HttpServer.php
2018-12-20 02:57:44 | EMERGENCY | 21444 | 5c1b0525ee175 | 1545274664.316 | 40
2018-12-20 02:57:44 | EMERGENCY | 21444 | 5c1b0525ee175 | 1545274664.316 | 0
2018-12-20 02:57:44 | EMERGENCY | 21444 | 5c1b0525ee175 | 1545274664.316 | Call to undefined method core\xw\Pool\Context::se()
2018-12-20 02:57:44 | EMERGENCY | 21444 | 5c1b0525ee175 | 1545274664.316 | #0 {main}
2018-12-20 02:57:44 | EMERGENCY | 21444 | 5c1b0525ee175 | 1545274664.373 | /usr/share/nginx/html/frame/XW/core/HttpServer.php
2018-12-20 02:57:44 | EMERGENCY | 21444 | 5c1b0525ee175 | 1545274664.373 | 40
2018-12-20 02:57:44 | EMERGENCY | 21444 | 5c1b0525ee175 | 1545274664.373 | 0
2018-12-20 02:57:44 | EMERGENCY | 21444 | 5c1b0525ee175 | 1545274664.373 | Call to undefined method core\xw\Pool\Context::se()
2018-12-20 02:57:44 | EMERGENCY | 21444 | 5c1b0525ee175 | 1545274664.373 | #0 {main}
2018-12-20 02:57:44 | EMERGENCY | 21444 | 5c1b0525ee175 | 1545274664.961 | /usr/share/nginx/html/frame/XW/core/HttpServer.php
2018-12-20 02:57:44 | EMERGENCY | 21444 | 5c1b0525ee175 | 1545274664.961 | 40
2018-12-20 02:57:44 | EMERGENCY | 21444 | 5c1b0525ee175 | 1545274664.961 | 0
2018-12-20 02:57:44 | EMERGENCY | 21444 | 5c1b0525ee175 | 1545274664.961 | Call to undefined method core\xw\Pool\Context::se()
2018-12-20 02:57:44 | EMERGENCY | 21444 | 5c1b0525ee175 | 1545274664.961 | #0 {main}
2018-12-20 02:57:45 | EMERGENCY | 21444 | 5c1b0525ee175 | 1545274665.19 | /usr/share/nginx/html/frame/XW/core/HttpServer.php
2018-12-20 02:57:45 | EMERGENCY | 21444 | 5c1b0525ee175 | 1545274665.19 | 40
2018-12-20 02:57:45 | EMERGENCY | 21444 | 5c1b0525ee175 | 1545274665.19 | 0
2018-12-20 02:57:45 | EMERGENCY | 21444 | 5c1b0525ee175 | 1545274665.19 | Call to undefined method core\xw\Pool\Context::se()
2018-12-20 02:57:45 | EMERGENCY | 21444 | 5c1b0525ee175 | 1545274665.19 | #0 {main}
2018-12-20 02:57:45 | EMERGENCY | 21444 | 5c1b0525ee175 | 1545274665.222 | /usr/share/nginx/html/frame/XW/core/HttpServer.php
2018-12-20 02:57:45 | EMERGENCY | 21444 | 5c1b0525ee175 | 1545274665.222 | 40
2018-12-20 02:57:45 | EMERGENCY | 21444 | 5c1b0525ee175 | 1545274665.222 | 0
2018-12-20 02:57:45 | EMERGENCY | 21444 | 5c1b0525ee175 | 1545274665.222 | Call to undefined method core\xw\Pool\Context::se()
2018-12-20 02:57:45 | EMERGENCY | 21444 | 5c1b0525ee175 | 1545274665.222 | #0 {main}
2018-12-20 02:57:45 | EMERGENCY | 21444 | 5c1b0525ee175 | 1545274665.277 | /usr/share/nginx/html/frame/XW/core/HttpServer.php
2018-12-20 02:57:45 | EMERGENCY | 21444 | 5c1b0525ee175 | 1545274665.277 | 40
2018-12-20 02:57:45 | EMERGENCY | 21444 | 5c1b0525ee175 | 1545274665.277 | 0
2018-12-20 02:57:45 | EMERGENCY | 21444 | 5c1b0525ee175 | 1545274665.277 | Call to undefined method core\xw\Pool\Context::se()
2018-12-20 02:57:45 | EMERGENCY | 21444 | 5c1b0525ee175 | 1545274665.277 | #0 {main}
2018-12-20 02:57:45 | EMERGENCY | 21444 | 5c1b0525ee175 | 1545274665.438 | /usr/share/nginx/html/frame/XW/core/HttpServer.php
2018-12-20 02:57:45 | EMERGENCY | 21444 | 5c1b0525ee175 | 1545274665.438 | 40
2018-12-20 02:57:45 | EMERGENCY | 21444 | 5c1b0525ee175 | 1545274665.438 | 0
2018-12-20 02:57:45 | EMERGENCY | 21444 | 5c1b0525ee175 | 1545274665.438 | Call to undefined method core\xw\Pool\Context::se()
2018-12-20 02:57:45 | EMERGENCY | 21444 | 5c1b0525ee175 | 1545274665.438 | #0 {main}
2018-12-20 02:57:45 | EMERGENCY | 21444 | 5c1b0525ee175 | 1545274665.532 | /usr/share/nginx/html/frame/XW/core/HttpServer.php
2018-12-20 02:57:45 | EMERGENCY | 21444 | 5c1b0525ee175 | 1545274665.532 | 40
2018-12-20 02:57:45 | EMERGENCY | 21444 | 5c1b0525ee175 | 1545274665.532 | 0
2018-12-20 02:57:45 | EMERGENCY | 21444 | 5c1b0525ee175 | 1545274665.532 | Call to undefined method core\xw\Pool\Context::se()
2018-12-20 02:57:45 | EMERGENCY | 21444 | 5c1b0525ee175 | 1545274665.532 | #0 {main}
2018-12-20 02:57:45 | EMERGENCY | 21444 | 5c1b0525ee175 | 1545274665.624 | /usr/share/nginx/html/frame/XW/core/HttpServer.php
2018-12-20 02:57:45 | EMERGENCY | 21444 | 5c1b0525ee175 | 1545274665.624 | 40
2018-12-20 02:57:45 | EMERGENCY | 21444 | 5c1b0525ee175 | 1545274665.624 | 0
2018-12-20 02:57:45 | EMERGENCY | 21444 | 5c1b0525ee175 | 1545274665.624 | Call to undefined method core\xw\Pool\Context::se()
2018-12-20 02:57:45 | EMERGENCY | 21444 | 5c1b0525ee175 | 1545274665.624 | #0 {main}
2018-12-20 02:57:45 | EMERGENCY | 21444 | 5c1b0525ee175 | 1545274665.718 | /usr/share/nginx/html/frame/XW/core/HttpServer.php
2018-12-20 02:57:45 | EMERGENCY | 21444 | 5c1b0525ee175 | 1545274665.718 | 40
2018-12-20 02:57:45 | EMERGENCY | 21444 | 5c1b0525ee175 | 1545274665.718 | 0
2018-12-20 02:57:45 | EMERGENCY | 21444 | 5c1b0525ee175 | 1545274665.718 | Call to undefined method core\xw\Pool\Context::se()
2018-12-20 02:57:45 | EMERGENCY | 21444 | 5c1b0525ee175 | 1545274665.718 | #0 {main}
2018-12-20 02:57:48 | EMERGENCY | 21455 | 5c1b052bd6996 | 1545274668.858 | /usr/share/nginx/html/frame/XW/core/HttpServer.php
2018-12-20 02:57:48 | EMERGENCY | 21455 | 5c1b052bd6996 | 1545274668.858 | 40
2018-12-20 02:57:48 | EMERGENCY | 21455 | 5c1b052bd6996 | 1545274668.858 | 0
2018-12-20 02:57:48 | EMERGENCY | 21455 | 5c1b052bd6996 | 1545274668.858 | Call to undefined method core\xw\Pool\Context::se()
2018-12-20 02:57:48 | EMERGENCY | 21455 | 5c1b052bd6996 | 1545274668.858 | #0 {main}
2018-12-20 02:57:48 | EMERGENCY | 21455 | 5c1b052bd6996 | 1545274668.922 | /usr/share/nginx/html/frame/XW/core/HttpServer.php
2018-12-20 02:57:48 | EMERGENCY | 21455 | 5c1b052bd6996 | 1545274668.922 | 40
2018-12-20 02:57:48 | EMERGENCY | 21455 | 5c1b052bd6996 | 1545274668.922 | 0
2018-12-20 02:57:48 | EMERGENCY | 21455 | 5c1b052bd6996 | 1545274668.922 | Call to undefined method core\xw\Pool\Context::se()
2018-12-20 02:57:48 | EMERGENCY | 21455 | 5c1b052bd6996 | 1545274668.922 | #0 {main}
2018-12-20 02:57:49 | EMERGENCY | 21455 | 5c1b052bd6996 | 1545274669.299 | /usr/share/nginx/html/frame/XW/core/HttpServer.php
2018-12-20 02:57:49 | EMERGENCY | 21455 | 5c1b052bd6996 | 1545274669.299 | 40
2018-12-20 02:57:49 | EMERGENCY | 21455 | 5c1b052bd6996 | 1545274669.299 | 0
2018-12-20 02:57:49 | EMERGENCY | 21455 | 5c1b052bd6996 | 1545274669.299 | Call to undefined method core\xw\Pool\Context::se()
2018-12-20 02:57:49 | EMERGENCY | 21455 | 5c1b052bd6996 | 1545274669.299 | #0 {main}
2018-12-20 02:57:49 | EMERGENCY | 21455 | 5c1b052bd6996 | 1545274669.391 | /usr/share/nginx/html/frame/XW/core/HttpServer.php
2018-12-20 02:57:49 | EMERGENCY | 21455 | 5c1b052bd6996 | 1545274669.391 | 40
2018-12-20 02:57:49 | EMERGENCY | 21455 | 5c1b052bd6996 | 1545274669.391 | 0
2018-12-20 02:57:49 | EMERGENCY | 21455 | 5c1b052bd6996 | 1545274669.391 | Call to undefined method core\xw\Pool\Context::se()
2018-12-20 02:57:49 | EMERGENCY | 21455 | 5c1b052bd6996 | 1545274669.391 | #0 {main}
2018-12-20 02:57:49 | EMERGENCY | 21455 | 5c1b052bd6996 | 1545274669.452 | /usr/share/nginx/html/frame/XW/core/HttpServer.php
2018-12-20 02:57:49 | EMERGENCY | 21455 | 5c1b052bd6996 | 1545274669.452 | 40
2018-12-20 02:57:49 | EMERGENCY | 21455 | 5c1b052bd6996 | 1545274669.452 | 0
2018-12-20 02:57:49 | EMERGENCY | 21455 | 5c1b052bd6996 | 1545274669.452 | Call to undefined method core\xw\Pool\Context::se()
2018-12-20 02:57:49 | EMERGENCY | 21455 | 5c1b052bd6996 | 1545274669.452 | #0 {main}
2018-12-20 02:57:49 | EMERGENCY | 21455 | 5c1b052bd6996 | 1545274669.514 | /usr/share/nginx/html/frame/XW/core/HttpServer.php
2018-12-20 02:57:49 | EMERGENCY | 21455 | 5c1b052bd6996 | 1545274669.514 | 40
2018-12-20 02:57:49 | EMERGENCY | 21455 | 5c1b052bd6996 | 1545274669.514 | 0
2018-12-20 02:57:49 | EMERGENCY | 21455 | 5c1b052bd6996 | 1545274669.514 | Call to undefined method core\xw\Pool\Context::se()
2018-12-20 02:57:49 | EMERGENCY | 21455 | 5c1b052bd6996 | 1545274669.514 | #0 {main}
2018-12-20 02:57:56 | EMERGENCY | 21474 | 5c1b053305ba6 | 1545274676.143 | /usr/share/nginx/html/frame/XW/core/HttpServer.php
2018-12-20 02:57:56 | EMERGENCY | 21474 | 5c1b053305ba6 | 1545274676.143 | 40
2018-12-20 02:57:56 | EMERGENCY | 21474 | 5c1b053305ba6 | 1545274676.143 | 0
2018-12-20 02:57:56 | EMERGENCY | 21474 | 5c1b053305ba6 | 1545274676.143 | Call to undefined method core\xw\Pool\Context::se()
2018-12-20 02:57:56 | EMERGENCY | 21474 | 5c1b053305ba6 | 1545274676.143 | #0 {main}
2018-12-20 02:57:56 | EMERGENCY | 21474 | 5c1b053305ba6 | 1545274676.227 | /usr/share/nginx/html/frame/XW/core/HttpServer.php
2018-12-20 02:57:56 | EMERGENCY | 21474 | 5c1b053305ba6 | 1545274676.227 | 40
2018-12-20 02:57:56 | EMERGENCY | 21474 | 5c1b053305ba6 | 1545274676.227 | 0
2018-12-20 02:57:56 | EMERGENCY | 21474 | 5c1b053305ba6 | 1545274676.227 | Call to undefined method core\xw\Pool\Context::se()
2018-12-20 02:57:56 | EMERGENCY | 21474 | 5c1b053305ba6 | 1545274676.227 | #0 {main}
2018-12-20 02:57:56 | EMERGENCY | 21474 | 5c1b053305ba6 | 1545274676.867 | /usr/share/nginx/html/frame/XW/core/HttpServer.php
2018-12-20 02:57:56 | EMERGENCY | 21474 | 5c1b053305ba6 | 1545274676.867 | 40
2018-12-20 02:57:56 | EMERGENCY | 21474 | 5c1b053305ba6 | 1545274676.867 | 0
2018-12-20 02:57:56 | EMERGENCY | 21474 | 5c1b053305ba6 | 1545274676.867 | Call to undefined method core\xw\Pool\Context::se()
2018-12-20 02:57:56 | EMERGENCY | 21474 | 5c1b053305ba6 | 1545274676.867 | #0 {main}
2018-12-20 02:57:56 | EMERGENCY | 21474 | 5c1b053305ba6 | 1545274676.916 | /usr/share/nginx/html/frame/XW/core/HttpServer.php
2018-12-20 02:57:56 | EMERGENCY | 21474 | 5c1b053305ba6 | 1545274676.916 | 40
2018-12-20 02:57:56 | EMERGENCY | 21474 | 5c1b053305ba6 | 1545274676.916 | 0
2018-12-20 02:57:56 | EMERGENCY | 21474 | 5c1b053305ba6 | 1545274676.916 | Call to undefined method core\xw\Pool\Context::se()
2018-12-20 02:57:56 | EMERGENCY | 21474 | 5c1b053305ba6 | 1545274676.916 | #0 {main}
2018-12-20 02:58:09 | EMERGENCY | 21507 | 5c1b0540bdd9c | 1545274689.879 | /usr/share/nginx/html/frame/XW/core/HttpServer.php
2018-12-20 02:58:09 | EMERGENCY | 21507 | 5c1b0540bdd9c | 1545274689.880 | 41
2018-12-20 02:58:09 | EMERGENCY | 21507 | 5c1b0540bdd9c | 1545274689.880 | 0
2018-12-20 02:58:09 | EMERGENCY | 21507 | 5c1b0540bdd9c | 1545274689.880 | Call to undefined method core\xw\Pool\Context::se()
2018-12-20 02:58:09 | EMERGENCY | 21507 | 5c1b0540bdd9c | 1545274689.880 | #0 {main}
2018-12-20 02:58:10 | EMERGENCY | 21507 | 5c1b0540bdd9c | 1545274690.19 | /usr/share/nginx/html/frame/XW/core/HttpServer.php
2018-12-20 02:58:10 | EMERGENCY | 21507 | 5c1b0540bdd9c | 1545274690.19 | 41
2018-12-20 02:58:10 | EMERGENCY | 21507 | 5c1b0540bdd9c | 1545274690.19 | 0
2018-12-20 02:58:10 | EMERGENCY | 21507 | 5c1b0540bdd9c | 1545274690.19 | Call to undefined method core\xw\Pool\Context::se()
2018-12-20 02:58:10 | EMERGENCY | 21507 | 5c1b0540bdd9c | 1545274690.19 | #0 {main}
2018-12-20 02:59:23 | EMERGENCY | 21507 | 5c1b0540bdd9c | 1545274763.730 | /usr/share/nginx/html/frame/XW/core/HttpServer.php
2018-12-20 02:59:23 | EMERGENCY | 21507 | 5c1b0540bdd9c | 1545274763.730 | 41
2018-12-20 02:59:23 | EMERGENCY | 21507 | 5c1b0540bdd9c | 1545274763.730 | 0
2018-12-20 02:59:23 | EMERGENCY | 21507 | 5c1b0540bdd9c | 1545274763.730 | Call to undefined method core\xw\Pool\Context::se()
2018-12-20 02:59:23 | EMERGENCY | 21507 | 5c1b0540bdd9c | 1545274763.730 | #0 {main}
2018-12-20 02:59:24 | EMERGENCY | 21507 | 5c1b0540bdd9c | 1545274764.161 | /usr/share/nginx/html/frame/XW/core/HttpServer.php
2018-12-20 02:59:24 | EMERGENCY | 21507 | 5c1b0540bdd9c | 1545274764.161 | 41
2018-12-20 02:59:24 | EMERGENCY | 21507 | 5c1b0540bdd9c | 1545274764.161 | 0
2018-12-20 02:59:24 | EMERGENCY | 21507 | 5c1b0540bdd9c | 1545274764.161 | Call to undefined method core\xw\Pool\Context::se()
2018-12-20 02:59:24 | EMERGENCY | 21507 | 5c1b0540bdd9c | 1545274764.161 | #0 {main}
2018-12-20 02:59:34 | EMERGENCY | 21507 | 5c1b0540bdd9c | 1545274774.516 | /usr/share/nginx/html/frame/XW/core/HttpServer.php
2018-12-20 02:59:34 | EMERGENCY | 21507 | 5c1b0540bdd9c | 1545274774.517 | 41
2018-12-20 02:59:34 | EMERGENCY | 21507 | 5c1b0540bdd9c | 1545274774.517 | 0
2018-12-20 02:59:34 | EMERGENCY | 21507 | 5c1b0540bdd9c | 1545274774.517 | Call to undefined method core\xw\Pool\Context::se()
2018-12-20 02:59:34 | EMERGENCY | 21507 | 5c1b0540bdd9c | 1545274774.517 | #0 {main}
2018-12-20 02:59:34 | EMERGENCY | 21507 | 5c1b0540bdd9c | 1545274774.712 | /usr/share/nginx/html/frame/XW/core/HttpServer.php
2018-12-20 02:59:34 | EMERGENCY | 21507 | 5c1b0540bdd9c | 1545274774.712 | 41
2018-12-20 02:59:34 | EMERGENCY | 21507 | 5c1b0540bdd9c | 1545274774.712 | 0
2018-12-20 02:59:34 | EMERGENCY | 21507 | 5c1b0540bdd9c | 1545274774.712 | Call to undefined method core\xw\Pool\Context::se()
2018-12-20 02:59:34 | EMERGENCY | 21507 | 5c1b0540bdd9c | 1545274774.712 | #0 {main}
2018-12-20 03:00:17 | EMERGENCY | 21683 | 5c1b05c0a5e3a | 1545274817.722 | /usr/share/nginx/html/frame/XW/core/HttpServer.php
2018-12-20 03:00:17 | EMERGENCY | 21683 | 5c1b05c0a5e3a | 1545274817.722 | 40
2018-12-20 03:00:17 | EMERGENCY | 21683 | 5c1b05c0a5e3a | 1545274817.722 | 0
2018-12-20 03:00:17 | EMERGENCY | 21683 | 5c1b05c0a5e3a | 1545274817.722 | Call to undefined method core\xw\Pool\Context::se()
2018-12-20 03:00:17 | EMERGENCY | 21683 | 5c1b05c0a5e3a | 1545274817.722 | #0 {main}
2018-12-20 03:00:17 | EMERGENCY | 21683 | 5c1b05c0a5e3a | 1545274817.836 | /usr/share/nginx/html/frame/XW/core/HttpServer.php
2018-12-20 03:00:17 | EMERGENCY | 21683 | 5c1b05c0a5e3a | 1545274817.836 | 40
2018-12-20 03:00:17 | EMERGENCY | 21683 | 5c1b05c0a5e3a | 1545274817.836 | 0
2018-12-20 03:00:17 | EMERGENCY | 21683 | 5c1b05c0a5e3a | 1545274817.836 | Call to undefined method core\xw\Pool\Context::se()
2018-12-20 03:00:17 | EMERGENCY | 21683 | 5c1b05c0a5e3a | 1545274817.836 | #0 {main}
2018-12-20 03:00:19 | EMERGENCY | 21683 | 5c1b05c0a5e3a | 1545274819.280 | /usr/share/nginx/html/frame/XW/core/HttpServer.php
2018-12-20 03:00:19 | EMERGENCY | 21683 | 5c1b05c0a5e3a | 1545274819.280 | 40
2018-12-20 03:00:19 | EMERGENCY | 21683 | 5c1b05c0a5e3a | 1545274819.280 | 0
2018-12-20 03:00:19 | EMERGENCY | 21683 | 5c1b05c0a5e3a | 1545274819.280 | Call to undefined method core\xw\Pool\Context::se()
2018-12-20 03:00:19 | EMERGENCY | 21683 | 5c1b05c0a5e3a | 1545274819.280 | #0 {main}
2018-12-20 03:00:19 | EMERGENCY | 21683 | 5c1b05c0a5e3a | 1545274819.402 | /usr/share/nginx/html/frame/XW/core/HttpServer.php
2018-12-20 03:00:19 | EMERGENCY | 21683 | 5c1b05c0a5e3a | 1545274819.402 | 40
2018-12-20 03:00:19 | EMERGENCY | 21683 | 5c1b05c0a5e3a | 1545274819.402 | 0
2018-12-20 03:00:19 | EMERGENCY | 21683 | 5c1b05c0a5e3a | 1545274819.402 | Call to undefined method core\xw\Pool\Context::se()
2018-12-20 03:00:19 | EMERGENCY | 21683 | 5c1b05c0a5e3a | 1545274819.402 | #0 {main}
2018-12-20 03:00:20 | EMERGENCY | 21683 | 5c1b05c0a5e3a | 1545274820.23 | /usr/share/nginx/html/frame/XW/core/HttpServer.php
2018-12-20 03:00:20 | EMERGENCY | 21683 | 5c1b05c0a5e3a | 1545274820.23 | 40
2018-12-20 03:00:20 | EMERGENCY | 21683 | 5c1b05c0a5e3a | 1545274820.23 | 0
2018-12-20 03:00:20 | EMERGENCY | 21683 | 5c1b05c0a5e3a | 1545274820.23 | Call to undefined method core\xw\Pool\Context::se()
2018-12-20 03:00:20 | EMERGENCY | 21683 | 5c1b05c0a5e3a | 1545274820.23 | #0 {main}
2018-12-20 03:00:20 | EMERGENCY | 21683 | 5c1b05c0a5e3a | 1545274820.129 | /usr/share/nginx/html/frame/XW/core/HttpServer.php
2018-12-20 03:00:20 | EMERGENCY | 21683 | 5c1b05c0a5e3a | 1545274820.129 | 40
2018-12-20 03:00:20 | EMERGENCY | 21683 | 5c1b05c0a5e3a | 1545274820.129 | 0
2018-12-20 03:00:20 | EMERGENCY | 21683 | 5c1b05c0a5e3a | 1545274820.129 | Call to undefined method core\xw\Pool\Context::se()
2018-12-20 03:00:20 | EMERGENCY | 21683 | 5c1b05c0a5e3a | 1545274820.129 | #0 {main}
2018-12-20 03:00:32 | EMERGENCY | 21696 | 5c1b05cf2ad37 | 1545274832.251 | /usr/share/nginx/html/frame/XW/core/HttpServer.php
2018-12-20 03:00:32 | EMERGENCY | 21696 | 5c1b05cf2ad37 | 1545274832.251 | 40
2018-12-20 03:00:32 | EMERGENCY | 21696 | 5c1b05cf2ad37 | 1545274832.251 | 0
2018-12-20 03:00:32 | EMERGENCY | 21696 | 5c1b05cf2ad37 | 1545274832.251 | Call to undefined method core\xw\Pool\Context::se()
2018-12-20 03:00:32 | EMERGENCY | 21696 | 5c1b05cf2ad37 | 1545274832.251 | #0 {main}
2018-12-20 03:00:32 | EMERGENCY | 21696 | 5c1b05cf2ad37 | 1545274832.374 | /usr/share/nginx/html/frame/XW/core/HttpServer.php
2018-12-20 03:00:32 | EMERGENCY | 21696 | 5c1b05cf2ad37 | 1545274832.374 | 40
2018-12-20 03:00:32 | EMERGENCY | 21696 | 5c1b05cf2ad37 | 1545274832.374 | 0
2018-12-20 03:00:32 | EMERGENCY | 21696 | 5c1b05cf2ad37 | 1545274832.374 | Call to undefined method core\xw\Pool\Context::se()
2018-12-20 03:00:32 | EMERGENCY | 21696 | 5c1b05cf2ad37 | 1545274832.374 | #0 {main}
2018-12-20 03:00:43 | EMERGENCY | 21714 | 5c1b05daef6b2 | 1545274843.910 | /usr/share/nginx/html/frame/XW/core/HttpServer.php
2018-12-20 03:00:43 | EMERGENCY | 21714 | 5c1b05daef6b2 | 1545274843.910 | 40
2018-12-20 03:00:43 | EMERGENCY | 21714 | 5c1b05daef6b2 | 1545274843.910 | 0
2018-12-20 03:00:43 | EMERGENCY | 21714 | 5c1b05daef6b2 | 1545274843.910 | Call to undefined method core\xw\Pool\Context::se()
2018-12-20 03:00:43 | EMERGENCY | 21714 | 5c1b05daef6b2 | 1545274843.910 | #0 {main}
2018-12-20 03:00:44 | EMERGENCY | 21714 | 5c1b05daef6b2 | 1545274844.44 | /usr/share/nginx/html/frame/XW/core/HttpServer.php
2018-12-20 03:00:44 | EMERGENCY | 21714 | 5c1b05daef6b2 | 1545274844.44 | 40
2018-12-20 03:00:44 | EMERGENCY | 21714 | 5c1b05daef6b2 | 1545274844.44 | 0
2018-12-20 03:00:44 | EMERGENCY | 21714 | 5c1b05daef6b2 | 1545274844.44 | Call to undefined method core\xw\Pool\Context::se()
2018-12-20 03:00:44 | EMERGENCY | 21714 | 5c1b05daef6b2 | 1545274844.44 | #0 {main}
2018-12-20 03:01:02 | EMERGENCY | 21761 | 5c1b05edccdf0 | 1545274862.959 | /usr/share/nginx/html/frame/XW/core/HttpServer.php
2018-12-20 03:01:02 | EMERGENCY | 21761 | 5c1b05edccdf0 | 1545274862.959 | 40
2018-12-20 03:01:02 | EMERGENCY | 21761 | 5c1b05edccdf0 | 1545274862.959 | 0
2018-12-20 03:01:02 | EMERGENCY | 21761 | 5c1b05edccdf0 | 1545274862.959 | Call to undefined method core\xw\Pool\Context::se()
2018-12-20 03:01:02 | EMERGENCY | 21761 | 5c1b05edccdf0 | 1545274862.959 | #0 {main}
2018-12-20 03:01:03 | EMERGENCY | 21761 | 5c1b05edccdf0 | 1545274863.97 | /usr/share/nginx/html/frame/XW/core/HttpServer.php
2018-12-20 03:01:03 | EMERGENCY | 21761 | 5c1b05edccdf0 | 1545274863.97 | 40
2018-12-20 03:01:03 | EMERGENCY | 21761 | 5c1b05edccdf0 | 1545274863.97 | 0
2018-12-20 03:01:03 | EMERGENCY | 21761 | 5c1b05edccdf0 | 1545274863.97 | Call to undefined method core\xw\Pool\Context::se()
2018-12-20 03:01:03 | EMERGENCY | 21761 | 5c1b05edccdf0 | 1545274863.97 | #0 {main}
2018-12-20 03:01:31 | EMERGENCY | 21797 | 5c1b060a8e2b1 | 1545274891.732 | /usr/share/nginx/html/frame/XW/core/HttpServer.php
2018-12-20 03:01:31 | EMERGENCY | 21797 | 5c1b060a8e2b1 | 1545274891.732 | 40
2018-12-20 03:01:31 | EMERGENCY | 21797 | 5c1b060a8e2b1 | 1545274891.732 | 0
2018-12-20 03:01:31 | EMERGENCY | 21797 | 5c1b060a8e2b1 | 1545274891.732 | Call to undefined method core\xw\Pool\Context::se()
2018-12-20 03:01:31 | EMERGENCY | 21797 | 5c1b060a8e2b1 | 1545274891.732 | #0 {main}
2018-12-20 03:01:31 | EMERGENCY | 21797 | 5c1b060a8e2b1 | 1545274891.859 | /usr/share/nginx/html/frame/XW/core/HttpServer.php
2018-12-20 03:01:31 | EMERGENCY | 21797 | 5c1b060a8e2b1 | 1545274891.859 | 40
2018-12-20 03:01:31 | EMERGENCY | 21797 | 5c1b060a8e2b1 | 1545274891.859 | 0
2018-12-20 03:01:31 | EMERGENCY | 21797 | 5c1b060a8e2b1 | 1545274891.859 | Call to undefined method core\xw\Pool\Context::se()
2018-12-20 03:01:31 | EMERGENCY | 21797 | 5c1b060a8e2b1 | 1545274891.859 | #0 {main}
2018-12-20 03:02:06 | EMERGENCY | 21866 | 5c1b062d21105 | 1545274926.170 | /usr/share/nginx/html/frame/XW/core/HttpServer.php
2018-12-20 03:02:06 | EMERGENCY | 21866 | 5c1b062d21105 | 1545274926.170 | 40
2018-12-20 03:02:06 | EMERGENCY | 21866 | 5c1b062d21105 | 1545274926.170 | 0
2018-12-20 03:02:06 | EMERGENCY | 21866 | 5c1b062d21105 | 1545274926.170 | Call to undefined method core\xw\Pool\Context::se()
2018-12-20 03:02:06 | EMERGENCY | 21866 | 5c1b062d21105 | 1545274926.170 | #0 {main}
2018-12-20 03:02:06 | EMERGENCY | 21866 | 5c1b062d21105 | 1545274926.315 | /usr/share/nginx/html/frame/XW/core/HttpServer.php
2018-12-20 03:02:06 | EMERGENCY | 21866 | 5c1b062d21105 | 1545274926.315 | 40
2018-12-20 03:02:06 | EMERGENCY | 21866 | 5c1b062d21105 | 1545274926.315 | 0
2018-12-20 03:02:06 | EMERGENCY | 21866 | 5c1b062d21105 | 1545274926.315 | Call to undefined method core\xw\Pool\Context::se()
2018-12-20 03:02:06 | EMERGENCY | 21866 | 5c1b062d21105 | 1545274926.315 | #0 {main}
2018-12-20 03:03:01 | EMERGENCY | 21927 | 5c1b066458fd9 | 1545274981.384 | /usr/share/nginx/html/frame/XW/core/HttpServer.php
2018-12-20 03:03:01 | EMERGENCY | 21927 | 5c1b066458fd9 | 1545274981.384 | 40
2018-12-20 03:03:01 | EMERGENCY | 21927 | 5c1b066458fd9 | 1545274981.384 | 0
2018-12-20 03:03:01 | EMERGENCY | 21927 | 5c1b066458fd9 | 1545274981.384 | Call to undefined method core\xw\Pool\Context::se()
2018-12-20 03:03:01 | EMERGENCY | 21927 | 5c1b066458fd9 | 1545274981.384 | #0 {main}
2018-12-20 03:03:01 | EMERGENCY | 21927 | 5c1b066458fd9 | 1545274981.476 | /usr/share/nginx/html/frame/XW/core/HttpServer.php
2018-12-20 03:03:01 | EMERGENCY | 21927 | 5c1b066458fd9 | 1545274981.476 | 40
2018-12-20 03:03:01 | EMERGENCY | 21927 | 5c1b066458fd9 | 1545274981.476 | 0
2018-12-20 03:03:01 | EMERGENCY | 21927 | 5c1b066458fd9 | 1545274981.476 | Call to undefined method core\xw\Pool\Context::se()
2018-12-20 03:03:01 | EMERGENCY | 21927 | 5c1b066458fd9 | 1545274981.476 | #0 {main}
2018-12-20 03:03:18 | EMERGENCY | 21966 | 5c1b067456ed9 | 1545274998.307 | /usr/share/nginx/html/frame/XW/core/HttpServer.php
2018-12-20 03:03:18 | EMERGENCY | 21966 | 5c1b067456ed9 | 1545274998.307 | 40
2018-12-20 03:03:18 | EMERGENCY | 21966 | 5c1b067456ed9 | 1545274998.307 | 0
2018-12-20 03:03:18 | EMERGENCY | 21966 | 5c1b067456ed9 | 1545274998.307 | Call to undefined method core\xw\Pool\Context::se()
2018-12-20 03:03:18 | EMERGENCY | 21966 | 5c1b067456ed9 | 1545274998.307 | #0 {main}
2018-12-20 03:03:18 | EMERGENCY | 21966 | 5c1b067456ed9 | 1545274998.450 | /usr/share/nginx/html/frame/XW/core/HttpServer.php
2018-12-20 03:03:18 | EMERGENCY | 21966 | 5c1b067456ed9 | 1545274998.450 | 40
2018-12-20 03:03:18 | EMERGENCY | 21966 | 5c1b067456ed9 | 1545274998.450 | 0
2018-12-20 03:03:18 | EMERGENCY | 21966 | 5c1b067456ed9 | 1545274998.450 | Call to undefined method core\xw\Pool\Context::se()
2018-12-20 03:03:18 | EMERGENCY | 21966 | 5c1b067456ed9 | 1545274998.450 | #0 {main}
2018-12-20 03:06:53 | EMERGENCY | 22247 | 5c1b074c07720 | 1545275213.160 | /usr/share/nginx/html/frame/XW/core/HttpServer.php
2018-12-20 03:06:53 | EMERGENCY | 22247 | 5c1b074c07720 | 1545275213.160 | 40
2018-12-20 03:06:53 | EMERGENCY | 22247 | 5c1b074c07720 | 1545275213.160 | 0
2018-12-20 03:06:53 | EMERGENCY | 22247 | 5c1b074c07720 | 1545275213.160 | Call to undefined method core\xw\Pool\Context::se()
2018-12-20 03:06:53 | EMERGENCY | 22247 | 5c1b074c07720 | 1545275213.160 | #0 {main}
2018-12-20 03:06:53 | EMERGENCY | 22247 | 5c1b074c07720 | 1545275213.298 | /usr/share/nginx/html/frame/XW/core/HttpServer.php
2018-12-20 03:06:53 | EMERGENCY | 22247 | 5c1b074c07720 | 1545275213.298 | 40
2018-12-20 03:06:53 | EMERGENCY | 22247 | 5c1b074c07720 | 1545275213.298 | 0
2018-12-20 03:06:53 | EMERGENCY | 22247 | 5c1b074c07720 | 1545275213.298 | Call to undefined method core\xw\Pool\Context::se()
2018-12-20 03:06:53 | EMERGENCY | 22247 | 5c1b074c07720 | 1545275213.298 | #0 {main}
2018-12-20 03:07:54 | EMERGENCY | 22348 | 5c1b0788e4dde | 1545275274.125 | /usr/share/nginx/html/frame/XW/core/Log.php
2018-12-20 03:07:54 | EMERGENCY | 22348 | 5c1b0788e4dde | 1545275274.125 | 25
2018-12-20 03:07:54 | EMERGENCY | 22348 | 5c1b0788e4dde | 1545275274.125 | 0
2018-12-20 03:07:54 | EMERGENCY | 22348 | 5c1b0788e4dde | 1545275274.125 | Argument 1 passed to core\Log::exception() must implement interface Throwable, string given, called in /usr/share/nginx/html/frame/XW/core/ExceptionHandler.php on line 25
2018-12-20 03:07:54 | EMERGENCY | 22348 | 5c1b0788e4dde | 1545275274.125 | #0 /usr/share/nginx/html/frame/XW/core/ExceptionHandler.php(25): core\Log::exception('Error: Call to ...', 'Error: Call to ...', 'app')
#1 /usr/share/nginx/html/frame/XW/core/xw/XwRouter.php(37): core\ExceptionHandler::handle(Object(Error), Object(Swoole\Http\Response))
#2 /usr/share/nginx/html/frame/XW/core/Route.php(24): core\xw\XwRouter::analysis('/', Object(Swoole\Http\Request), Object(Swoole\Http\Response))
#3 /usr/share/nginx/html/frame/XW/core/HttpServer.php(44): Route->__construct()
#4 {main}
2018-12-20 03:07:56 | EMERGENCY | 22348 | 5c1b0788e4dde | 1545275276.318 | /usr/share/nginx/html/frame/XW/core/Log.php
2018-12-20 03:07:56 | EMERGENCY | 22348 | 5c1b0788e4dde | 1545275276.318 | 25
2018-12-20 03:07:56 | EMERGENCY | 22348 | 5c1b0788e4dde | 1545275276.318 | 0
2018-12-20 03:07:56 | EMERGENCY | 22348 | 5c1b0788e4dde | 1545275276.318 | Argument 1 passed to core\Log::exception() must implement interface Throwable, string given, called in /usr/share/nginx/html/frame/XW/core/ExceptionHandler.php on line 25
2018-12-20 03:07:56 | EMERGENCY | 22348 | 5c1b0788e4dde | 1545275276.318 | #0 /usr/share/nginx/html/frame/XW/core/ExceptionHandler.php(25): core\Log::exception('Error: Call to ...', 'Error: Call to ...', 'app')
#1 /usr/share/nginx/html/frame/XW/core/xw/XwRouter.php(37): core\ExceptionHandler::handle(Object(Error), Object(Swoole\Http\Response))
#2 /usr/share/nginx/html/frame/XW/core/Route.php(24): core\xw\XwRouter::analysis('/', Object(Swoole\Http\Request), Object(Swoole\Http\Response))
#3 /usr/share/nginx/html/frame/XW/core/HttpServer.php(44): Route->__construct()
#4 {main}
